c:\users\s6079142\source\repos\gecassignment\hapi_start\hapi_start\x64\debug\vc142.pdb
c:\users\s6079142\source\repos\gecassignment\hapi_start\hapi_start\x64\debug\vc142.idb
c:\users\s6079142\source\repos\gecassignment\hapi_start\hapi_start\x64\debug\worldentity.obj
c:\users\s6079142\source\repos\gecassignment\hapi_start\hapi_start\x64\debug\world.obj
c:\users\s6079142\source\repos\gecassignment\hapi_start\hapi_start\x64\debug\vec2.obj
c:\users\s6079142\source\repos\gecassignment\hapi_start\hapi_start\x64\debug\texture.obj
c:\users\s6079142\source\repos\gecassignment\hapi_start\hapi_start\x64\debug\scene.obj
c:\users\s6079142\source\repos\gecassignment\hapi_start\hapi_start\x64\debug\rectangle.obj
c:\users\s6079142\source\repos\gecassignment\hapi_start\hapi_start\x64\debug\player.obj
c:\users\s6079142\source\repos\gecassignment\hapi_start\hapi_start\x64\debug\physics.obj
c:\users\s6079142\source\repos\gecassignment\hapi_start\hapi_start\x64\debug\node.obj
c:\users\s6079142\source\repos\gecassignment\hapi_start\hapi_start\x64\debug\main.obj
c:\users\s6079142\source\repos\gecassignment\hapi_start\hapi_start\x64\debug\input.obj
c:\users\s6079142\source\repos\gecassignment\hapi_start\hapi_start\x64\debug\graphics.obj
c:\users\s6079142\source\repos\gecassignment\hapi_start\hapi_start\x64\debug\filemanager.obj
c:\users\s6079142\source\repos\gecassignment\hapi_start\hapi_start\x64\debug\entity.obj
c:\users\s6079142\source\repos\gecassignment\hapi_start\hapi_start\x64\debug\binarytree.obj
c:\users\s6079142\source\repos\gecassignment\hapi_start\x64\debug\hapi_start.ilk
c:\users\s6079142\source\repos\gecassignment\hapi_start\x64\debug\hapi_start.exe
c:\users\s6079142\source\repos\gecassignment\hapi_start\x64\debug\hapi_start.pdb
c:\users\s6079142\source\repos\gecassignment\hapi_start\hapi_start\x64\debug\hapi_start.tlog\cl.command.1.tlog
c:\users\s6079142\source\repos\gecassignment\hapi_start\hapi_start\x64\debug\hapi_start.tlog\cl.read.1.tlog
c:\users\s6079142\source\repos\gecassignment\hapi_start\hapi_start\x64\debug\hapi_start.tlog\cl.write.1.tlog
c:\users\s6079142\source\repos\gecassignment\hapi_start\hapi_start\x64\debug\hapi_start.tlog\link.command.1.tlog
c:\users\s6079142\source\repos\gecassignment\hapi_start\hapi_start\x64\debug\hapi_start.tlog\link.read.1.tlog
c:\users\s6079142\source\repos\gecassignment\hapi_start\hapi_start\x64\debug\hapi_start.tlog\link.write.1.tlog
